<?xml version="1.0" encoding="UTF-8"?>
<!-- Generated by org.testng.reporters.JUnitReportReporter -->
<testsuite hostname="INW00005754" name="com.yahoo.weather.test.TestNGTest" tests="1" failures="0" timestamp="26 Jan 2015 07:40:45 GMT" time="0.015" errors="0">
  <testcase name="testAdd" time="0.015" classname="com.yahoo.weather.test.TestNGTest"/>
</testsuite> <!-- com.yahoo.weather.test.TestNGTest -->
